[2021-08-05 18:18:49] local.ERROR: 2021-08-05 18:18:49:
```Command "sc:info`" is not defined.

Did you mean one of these?
    sc:backup
    sc:customize
    sc:info
    sc:make
    sc:restore
    schedule:list
    schedule:run
    schedule:test
    schedule:work
    schema:dump```
*File* `C:\laragon\www\html\s-cart6\vendor\symfony\console\Application.php`, *Line:* 682, *Code:* 0
URL= http://s-cart6.test
  
[2021-08-05 18:18:49] local.ERROR: Command "sc:info`" is not defined.

Did you mean one of these?
    sc:backup
    sc:customize
    sc:info
    sc:make
    sc:restore
    schedule:list
    schedule:run
    schedule:test
    schedule:work
    schema:dump {"exception":"[object] (Symfony\\Component\\Console\\Exception\\CommandNotFoundException(code: 0): Command \"sc:info`\" is not defined.

Did you mean one of these?
    sc:backup
    sc:customize
    sc:info
    sc:make
    sc:restore
    schedule:list
    schedule:run
    schedule:test
    schedule:work
    schema:dump at C:\\laragon\\www\\html\\s-cart6\\vendor\\symfony\\console\\Application.php:682)
[stacktrace]
#0 C:\\laragon\\www\\html\\s-cart6\\vendor\\symfony\\console\\Application.php(255): Symfony\\Component\\Console\\Application->find('sc:info`')
#1 C:\\laragon\\www\\html\\s-cart6\\vendor\\symfony\\console\\Application.php(167): Symfony\\Component\\Console\\Application->doRun(Object(Symfony\\Component\\Console\\Input\\ArgvInput), Object(Symfony\\Component\\Console\\Output\\ConsoleOutput))
#2 C:\\laragon\\www\\html\\s-cart6\\vendor\\laravel\\framework\\src\\Illuminate\\Console\\Application.php(92): Symfony\\Component\\Console\\Application->run(Object(Symfony\\Component\\Console\\Input\\ArgvInput), Object(Symfony\\Component\\Console\\Output\\ConsoleOutput))
#3 C:\\laragon\\www\\html\\s-cart6\\vendor\\laravel\\framework\\src\\Illuminate\\Foundation\\Console\\Kernel.php(129): Illuminate\\Console\\Application->run(Object(Symfony\\Component\\Console\\Input\\ArgvInput), Object(Symfony\\Component\\Console\\Output\\ConsoleOutput))
#4 C:\\laragon\\www\\html\\s-cart6\\artisan(37): Illuminate\\Foundation\\Console\\Kernel->handle(Object(Symfony\\Component\\Console\\Input\\ArgvInput), Object(Symfony\\Component\\Console\\Output\\ConsoleOutput))
#5 {main}
"} 
[2021-08-05 18:22:30] local.ERROR: 2021-08-05 18:22:30:
The dump process failed with exitcode 2 : Misuse of shell builtins : mysqldump: Got error: 1045: Access denied for user 'root'@'localhost' (using password: YES) when trying to connect

  
